<?xml version="1.0" encoding="UTF-8"?>
<!-- Generated by org.testng.reporters.JUnitXMLReporter -->
<testsuite hostname="LAPTOP-2C2ELHAC" ignored="0" name="Banking Test" tests="3" failures="1" timestamp="2021-10-11T13:07:13 IST" time="49.138" errors="0">
  <testcase name="loginTest" time="7.925" classname="com.ebank.TestCases.TC_LoginTest_001"/>
  <testcase name="VerifyTitle" time="3.004" classname="com.ebank.TestCases.TC_LoginTest_001">
    <failure type="java.lang.AssertionError" message="expected [Guru99] but found [Guru99 Bank Home Page]">
      <![CDATA[java.lang.AssertionError: expected [Guru99] but found [Guru99 Bank Home Page]
at com.ebank.TestCases.TC_LoginTest_001.VerifyTitle(TC_LoginTest_001.java:52)
at java.util.ArrayList.forEach(ArrayList.java:1257)
... Removed 35 stack frames]]>
    </failure>
  </testcase> <!-- VerifyTitle -->
  <testcase name="ToSkip" time="3.015" classname="com.ebank.TestCases.TC_LoginTest_001"/>
</testsuite> <!-- Banking Test -->
