<?xml version="1.0" encoding="UTF-8"?>
<testng-results skipped="0" failed="1" ignored="0" total="3" passed="2">
  <reporter-output>
  </reporter-output>
  <suite name="EBank_v1_Demo" duration-ms="43311" started-at="2021-10-11T13:31:57 IST" finished-at="2021-10-11T13:32:41 IST">
    <groups>
    </groups>
    <test name="Banking Test" duration-ms="43311" started-at="2021-10-11T13:31:57 IST" finished-at="2021-10-11T13:32:41 IST">
      <class name="com.ebank.TestCases.TC_LoginTest_001">
        <test-method status="PASS" signature="preSetUp()[pri:0, instance:com.ebank.TestCases.TC_LoginTest_001@1ce92674]" name="preSetUp" is-config="true" duration-ms="99" started-at="2021-10-11T13:31:57 IST" finished-at="2021-10-11T13:31:57 IST">
          <reporter-output>
          </reporter-output>
        </test-method> <!-- preSetUp -->
        <test-method status="PASS" signature="setup(java.lang.String)[pri:0, instance:com.ebank.TestCases.TC_LoginTest_001@1ce92674]" name="setup" is-config="true" duration-ms="8309" started-at="2021-10-11T13:31:57 IST" finished-at="2021-10-11T13:32:06 IST">
          <params>
            <param index="0">
              <value>
                <![CDATA[chrome]]>
              </value>
            </param>
          </params>
          <reporter-output>
          </reporter-output>
        </test-method> <!-- setup -->
        <test-method status="PASS" signature="loginTest()[pri:1, instance:com.ebank.TestCases.TC_LoginTest_001@1ce92674]" name="loginTest" duration-ms="8883" started-at="2021-10-11T13:32:06 IST" finished-at="2021-10-11T13:32:14 IST">
          <reporter-output>
          </reporter-output>
        </test-method> <!-- loginTest -->
        <test-method status="PASS" signature="tearDown(org.testng.ITestResult)[pri:0, instance:com.ebank.TestCases.TC_LoginTest_001@1ce92674]" name="tearDown" is-config="true" duration-ms="820" started-at="2021-10-11T13:32:14 IST" finished-at="2021-10-11T13:32:15 IST">
          <params>
            <param index="0">
              <value>
                <![CDATA[[TestResult name=loginTest status=SUCCESS method=TC_LoginTest_001.loginTest()[pri:1, instance:com.ebank.TestCases.TC_LoginTest_001@1ce92674] output={null}]]]>
              </value>
            </param>
          </params>
          <reporter-output>
          </reporter-output>
        </test-method> <!-- tearDown -->
        <test-method status="PASS" signature="setup(java.lang.String)[pri:0, instance:com.ebank.TestCases.TC_LoginTest_001@1ce92674]" name="setup" is-config="true" duration-ms="7225" started-at="2021-10-11T13:32:15 IST" finished-at="2021-10-11T13:32:23 IST">
          <params>
            <param index="0">
              <value>
                <![CDATA[chrome]]>
              </value>
            </param>
          </params>
          <reporter-output>
          </reporter-output>
        </test-method> <!-- setup -->
        <test-method status="FAIL" signature="VerifyTitle()[pri:2, instance:com.ebank.TestCases.TC_LoginTest_001@1ce92674]" name="VerifyTitle" duration-ms="3014" started-at="2021-10-11T13:32:23 IST" finished-at="2021-10-11T13:32:26 IST">
          <exception class="java.lang.AssertionError">
            <message>
              <![CDATA[expected [Guru99] but found [Guru99 Bank Home Page]]]>
            </message>
            <full-stacktrace>
              <![CDATA[java.lang.AssertionError: expected [Guru99] but found [Guru99 Bank Home Page]
at org.testng.Assert.fail(Assert.java:97)
at org.testng.Assert.assertEqualsImpl(Assert.java:136)
at org.testng.Assert.assertEquals(Assert.java:118)
at org.testng.Assert.assertEquals(Assert.java:575)
at org.testng.Assert.assertEquals(Assert.java:585)
at com.ebank.TestCases.TC_LoginTest_001.VerifyTitle(TC_LoginTest_001.java:52)
at sun.reflect.NativeMethodAccessorImpl.invoke0(Native Method)
at sun.reflect.NativeMethodAccessorImpl.invoke(NativeMethodAccessorImpl.java:62)
at sun.reflect.DelegatingMethodAccessorImpl.invoke(DelegatingMethodAccessorImpl.java:43)
at java.lang.reflect.Method.invoke(Method.java:498)
at org.testng.internal.MethodInvocationHelper.invokeMethod(MethodInvocationHelper.java:134)
at org.testng.internal.TestInvoker.invokeMethod(TestInvoker.java:597)
at org.testng.internal.TestInvoker.invokeTestMethod(TestInvoker.java:173)
at org.testng.internal.MethodRunner.runInSequence(MethodRunner.java:46)
at org.testng.internal.TestInvoker$MethodInvocationAgent.invoke(TestInvoker.java:816)
at org.testng.internal.TestInvoker.invokeTestMethods(TestInvoker.java:146)
at org.testng.internal.TestMethodWorker.invokeTestMethods(TestMethodWorker.java:146)
at org.testng.internal.TestMethodWorker.run(TestMethodWorker.java:128)
at java.util.ArrayList.forEach(ArrayList.java:1257)
at org.testng.TestRunner.privateRun(TestRunner.java:766)
at org.testng.TestRunner.run(TestRunner.java:587)
at org.testng.SuiteRunner.runTest(SuiteRunner.java:384)
at org.testng.SuiteRunner.runSequentially(SuiteRunner.java:378)
at org.testng.SuiteRunner.privateRun(SuiteRunner.java:337)
at org.testng.SuiteRunner.run(SuiteRunner.java:286)
at org.testng.SuiteRunnerWorker.runSuite(SuiteRunnerWorker.java:53)
at org.testng.SuiteRunnerWorker.run(SuiteRunnerWorker.java:96)
at org.testng.TestNG.runSuitesSequentially(TestNG.java:1187)
at org.testng.TestNG.runSuitesLocally(TestNG.java:1109)
at org.testng.TestNG.runSuites(TestNG.java:1039)
at org.testng.TestNG.run(TestNG.java:1007)
at org.apache.maven.surefire.testng.TestNGExecutor.run(TestNGExecutor.java:295)
at org.apache.maven.surefire.testng.TestNGXmlTestSuite.execute(TestNGXmlTestSuite.java:84)
at org.apache.maven.surefire.testng.TestNGProvider.invoke(TestNGProvider.java:90)
at org.apache.maven.surefire.booter.ForkedBooter.invokeProviderInSameClassLoader(ForkedBooter.java:203)
at org.apache.maven.surefire.booter.ForkedBooter.runSuitesInProcess(ForkedBooter.java:155)
at org.apache.maven.surefire.booter.ForkedBooter.main(ForkedBooter.java:103)
]]>
            </full-stacktrace>
          </exception> <!-- java.lang.AssertionError -->
          <reporter-output>
          </reporter-output>
        </test-method> <!-- VerifyTitle -->
        <test-method status="PASS" signature="tearDown(org.testng.ITestResult)[pri:0, instance:com.ebank.TestCases.TC_LoginTest_001@1ce92674]" name="tearDown" is-config="true" duration-ms="3316" started-at="2021-10-11T13:32:26 IST" finished-at="2021-10-11T13:32:29 IST">
          <params>
            <param index="0">
              <value>
                <![CDATA[[TestResult name=VerifyTitle status=FAILURE method=TC_LoginTest_001.VerifyTitle()[pri:2, instance:com.ebank.TestCases.TC_LoginTest_001@1ce92674] output={null}]]]>
              </value>
            </param>
          </params>
          <reporter-output>
          </reporter-output>
        </test-method> <!-- tearDown -->
        <test-method status="PASS" signature="setup(java.lang.String)[pri:0, instance:com.ebank.TestCases.TC_LoginTest_001@1ce92674]" name="setup" is-config="true" duration-ms="7443" started-at="2021-10-11T13:32:29 IST" finished-at="2021-10-11T13:32:36 IST">
          <params>
            <param index="0">
              <value>
                <![CDATA[chrome]]>
              </value>
            </param>
          </params>
          <reporter-output>
          </reporter-output>
        </test-method> <!-- setup -->
        <test-method status="PASS" signature="ToSkip()[pri:3, instance:com.ebank.TestCases.TC_LoginTest_001@1ce92674]" name="ToSkip" duration-ms="3000" started-at="2021-10-11T13:32:36 IST" finished-at="2021-10-11T13:32:39 IST">
          <reporter-output>
          </reporter-output>
        </test-method> <!-- ToSkip -->
        <test-method status="PASS" signature="tearDown(org.testng.ITestResult)[pri:0, instance:com.ebank.TestCases.TC_LoginTest_001@1ce92674]" name="tearDown" is-config="true" duration-ms="1235" started-at="2021-10-11T13:32:39 IST" finished-at="2021-10-11T13:32:41 IST">
          <params>
            <param index="0">
              <value>
                <![CDATA[[TestResult name=ToSkip status=SUCCESS method=TC_LoginTest_001.ToSkip()[pri:3, instance:com.ebank.TestCases.TC_LoginTest_001@1ce92674] output={null}]]]>
              </value>
            </param>
          </params>
          <reporter-output>
          </reporter-output>
        </test-method> <!-- tearDown -->
        <test-method status="PASS" signature="endReport()[pri:0, instance:com.ebank.TestCases.TC_LoginTest_001@1ce92674]" name="endReport" is-config="true" duration-ms="448" started-at="2021-10-11T13:32:41 IST" finished-at="2021-10-11T13:32:41 IST">
          <reporter-output>
          </reporter-output>
        </test-method> <!-- endReport -->
      </class> <!-- com.ebank.TestCases.TC_LoginTest_001 -->
    </test> <!-- Banking Test -->
  </suite> <!-- EBank_v1_Demo -->
</testng-results>
