<?xml version="1.0" encoding="UTF-8"?>
<!-- Generated by org.testng.reporters.JUnitXMLReporter -->
<testsuite hostname="LAPTOP-2C2ELHAC" name="Banking Test" tests="3" failures="1" timestamp="11 Oct 2021 09:42:27 GMT" time="181.769" errors="0">
  <testcase name="loginTest" time="10.384" classname="com.ebank.TestCases.TC_LoginTest_001"/>
  <testcase name="VerifyTitle" time="3.001" classname="com.ebank.TestCases.TC_LoginTest_001">
    <failure type="java.lang.AssertionError" message="expected [Guru99] but found [Guru99 Bank Home Page]">
      <![CDATA[java.lang.AssertionError: expected [Guru99] but found [Guru99 Bank Home Page]
	at com.ebank.TestCases.TC_LoginTest_001.VerifyTitle(TC_LoginTest_001.java:52)
... Removed 31 stack frames]]>
    </failure>
  </testcase> <!-- VerifyTitle -->
  <testcase name="ToSkip" time="3.004" classname="com.ebank.TestCases.TC_LoginTest_001"/>
</testsuite> <!-- Banking Test -->
