<?xml version="1.0" encoding="UTF-8"?>
<testng-results skipped="0" failed="1" total="3" passed="2">
  <reporter-output>
  </reporter-output>
  <suite name="EBank_v1_Demo" duration-ms="181769" started-at="2021-10-11T09:39:25Z" finished-at="2021-10-11T09:42:27Z">
    <groups>
    </groups>
    <test name="Banking Test" duration-ms="181769" started-at="2021-10-11T09:39:25Z" finished-at="2021-10-11T09:42:27Z">
      <class name="com.ebank.TestCases.TC_LoginTest_001">
        <test-method status="PASS" signature="preSetUp()[pri:0, instance:com.ebank.TestCases.TC_LoginTest_001@47ef968d]" name="preSetUp" is-config="true" duration-ms="203" started-at="2021-10-11T15:09:25Z" finished-at="2021-10-11T15:09:25Z">
          <reporter-output>
          </reporter-output>
        </test-method> <!-- preSetUp -->
        <test-method status="PASS" signature="setup(java.lang.String)[pri:0, instance:com.ebank.TestCases.TC_LoginTest_001@47ef968d]" name="setup" is-config="true" duration-ms="7605" started-at="2021-10-11T15:09:25Z" finished-at="2021-10-11T15:09:33Z">
          <params>
            <param index="0">
              <value>
                <![CDATA[chrome]]>
              </value>
            </param>
          </params>
          <reporter-output>
          </reporter-output>
        </test-method> <!-- setup -->
        <test-method status="PASS" signature="loginTest()[pri:1, instance:com.ebank.TestCases.TC_LoginTest_001@47ef968d]" name="loginTest" duration-ms="10384" started-at="2021-10-11T15:09:33Z" finished-at="2021-10-11T15:09:43Z">
          <reporter-output>
          </reporter-output>
        </test-method> <!-- loginTest -->
        <test-method status="PASS" signature="tearDown(org.testng.ITestResult)[pri:0, instance:com.ebank.TestCases.TC_LoginTest_001@47ef968d]" name="tearDown" is-config="true" duration-ms="828" started-at="2021-10-11T15:09:43Z" finished-at="2021-10-11T15:09:44Z">
          <params>
            <param index="0">
              <value>
                <![CDATA[[TestResult name=loginTest status=SUCCESS method=TC_LoginTest_001.loginTest()[pri:1, instance:com.ebank.TestCases.TC_LoginTest_001@47ef968d] output={null}]]]>
              </value>
            </param>
          </params>
          <reporter-output>
          </reporter-output>
        </test-method> <!-- tearDown -->
        <test-method status="PASS" signature="setup(java.lang.String)[pri:0, instance:com.ebank.TestCases.TC_LoginTest_001@47ef968d]" name="setup" is-config="true" duration-ms="82904" started-at="2021-10-11T15:09:44Z" finished-at="2021-10-11T15:11:07Z">
          <params>
            <param index="0">
              <value>
                <![CDATA[chrome]]>
              </value>
            </param>
          </params>
          <reporter-output>
          </reporter-output>
        </test-method> <!-- setup -->
        <test-method status="FAIL" signature="VerifyTitle()[pri:2, instance:com.ebank.TestCases.TC_LoginTest_001@47ef968d]" name="VerifyTitle" duration-ms="3001" started-at="2021-10-11T15:11:07Z" finished-at="2021-10-11T15:11:10Z">
          <exception class="java.lang.AssertionError">
            <message>
              <![CDATA[expected [Guru99] but found [Guru99 Bank Home Page]]]>
            </message>
            <full-stacktrace>
              <![CDATA[java.lang.AssertionError: expected [Guru99] but found [Guru99 Bank Home Page]
	at org.testng.Assert.fail(Assert.java:94)
	at org.testng.Assert.failNotEquals(Assert.java:513)
	at org.testng.Assert.assertEqualsImpl(Assert.java:135)
	at org.testng.Assert.assertEquals(Assert.java:116)
	at org.testng.Assert.assertEquals(Assert.java:190)
	at org.testng.Assert.assertEquals(Assert.java:200)
	at com.ebank.TestCases.TC_LoginTest_001.VerifyTitle(TC_LoginTest_001.java:52)
	at sun.reflect.NativeMethodAccessorImpl.invoke0(Native Method)
	at sun.reflect.NativeMethodAccessorImpl.invoke(NativeMethodAccessorImpl.java:62)
	at sun.reflect.DelegatingMethodAccessorImpl.invoke(DelegatingMethodAccessorImpl.java:43)
	at java.lang.reflect.Method.invoke(Method.java:498)
	at org.testng.internal.MethodInvocationHelper.invokeMethod(MethodInvocationHelper.java:86)
	at org.testng.internal.Invoker.invokeMethod(Invoker.java:646)
	at org.testng.internal.Invoker.invokeTestMethod(Invoker.java:823)
	at org.testng.internal.Invoker.invokeTestMethods(Invoker.java:1131)
	at org.testng.internal.TestMethodWorker.invokeTestMethods(TestMethodWorker.java:129)
	at org.testng.internal.TestMethodWorker.run(TestMethodWorker.java:112)
	at org.testng.TestRunner.privateRun(TestRunner.java:778)
	at org.testng.TestRunner.run(TestRunner.java:632)
	at org.testng.SuiteRunner.runTest(SuiteRunner.java:366)
	at org.testng.SuiteRunner.runSequentially(SuiteRunner.java:361)
	at org.testng.SuiteRunner.privateRun(SuiteRunner.java:319)
	at org.testng.SuiteRunner.run(SuiteRunner.java:268)
	at org.testng.SuiteRunnerWorker.runSuite(SuiteRunnerWorker.java:52)
	at org.testng.SuiteRunnerWorker.run(SuiteRunnerWorker.java:86)
	at org.testng.TestNG.runSuitesSequentially(TestNG.java:1225)
	at org.testng.TestNG.runSuitesLocally(TestNG.java:1150)
	at org.testng.TestNG.runSuites(TestNG.java:1075)
	at org.testng.TestNG.run(TestNG.java:1047)
	at org.testng.remote.AbstractRemoteTestNG.run(AbstractRemoteTestNG.java:126)
	at org.testng.remote.RemoteTestNG.initAndRun(RemoteTestNG.java:137)
	at org.testng.remote.RemoteTestNG.main(RemoteTestNG.java:58)
]]>
            </full-stacktrace>
          </exception> <!-- java.lang.AssertionError -->
          <reporter-output>
          </reporter-output>
        </test-method> <!-- VerifyTitle -->
        <test-method status="PASS" signature="tearDown(org.testng.ITestResult)[pri:0, instance:com.ebank.TestCases.TC_LoginTest_001@47ef968d]" name="tearDown" is-config="true" duration-ms="2768" started-at="2021-10-11T15:11:10Z" finished-at="2021-10-11T15:11:13Z">
          <params>
            <param index="0">
              <value>
                <![CDATA[[TestResult name=VerifyTitle status=FAILURE method=TC_LoginTest_001.VerifyTitle()[pri:2, instance:com.ebank.TestCases.TC_LoginTest_001@47ef968d] output={null}]]]>
              </value>
            </param>
          </params>
          <reporter-output>
          </reporter-output>
        </test-method> <!-- tearDown -->
        <test-method status="PASS" signature="setup(java.lang.String)[pri:0, instance:com.ebank.TestCases.TC_LoginTest_001@47ef968d]" name="setup" is-config="true" duration-ms="70504" started-at="2021-10-11T15:11:13Z" finished-at="2021-10-11T15:12:23Z">
          <params>
            <param index="0">
              <value>
                <![CDATA[chrome]]>
              </value>
            </param>
          </params>
          <reporter-output>
          </reporter-output>
        </test-method> <!-- setup -->
        <test-method status="PASS" signature="ToSkip()[pri:3, instance:com.ebank.TestCases.TC_LoginTest_001@47ef968d]" name="ToSkip" duration-ms="3004" started-at="2021-10-11T15:12:23Z" finished-at="2021-10-11T15:12:26Z">
          <reporter-output>
          </reporter-output>
        </test-method> <!-- ToSkip -->
        <test-method status="PASS" signature="tearDown(org.testng.ITestResult)[pri:0, instance:com.ebank.TestCases.TC_LoginTest_001@47ef968d]" name="tearDown" is-config="true" duration-ms="754" started-at="2021-10-11T15:12:26Z" finished-at="2021-10-11T15:12:27Z">
          <params>
            <param index="0">
              <value>
                <![CDATA[[TestResult name=ToSkip status=SUCCESS method=TC_LoginTest_001.ToSkip()[pri:3, instance:com.ebank.TestCases.TC_LoginTest_001@47ef968d] output={null}]]]>
              </value>
            </param>
          </params>
          <reporter-output>
          </reporter-output>
        </test-method> <!-- tearDown -->
        <test-method status="PASS" signature="endReport()[pri:0, instance:com.ebank.TestCases.TC_LoginTest_001@47ef968d]" name="endReport" is-config="true" duration-ms="312" started-at="2021-10-11T15:12:27Z" finished-at="2021-10-11T15:12:27Z">
          <reporter-output>
          </reporter-output>
        </test-method> <!-- endReport -->
      </class> <!-- com.ebank.TestCases.TC_LoginTest_001 -->
    </test> <!-- Banking Test -->
  </suite> <!-- EBank_v1_Demo -->
</testng-results>
